{"/Users/treffers/Documents/WINC opleiding/Winc_Academy/Level_30_De_TDD_Groententuin/farm.js": {"path":"/Users/treffers/Documents/WINC opleiding/Winc_Academy/Level_30_De_TDD_Groententuin/farm.js","statementMap":{"0":{"start":{"line":1,"column":13},"end":{"line":13,"column":1}},"1":{"start":{"line":15,"column":16},"end":{"line":27,"column":1}},"2":{"start":{"line":29,"column":27},"end":{"line":31,"column":1}},"3":{"start":{"line":33,"column":24},"end":{"line":36,"column":1}},"4":{"start":{"line":34,"column":22},"end":{"line":34,"column":52}},"5":{"start":{"line":35,"column":2},"end":{"line":35,"column":21}},"6":{"start":{"line":38,"column":25},"end":{"line":41,"column":1}},"7":{"start":{"line":39,"column":22},"end":{"line":39,"column":32}},"8":{"start":{"line":40,"column":2},"end":{"line":40,"column":23}},"9":{"start":{"line":43,"column":24},"end":{"line":46,"column":1}},"10":{"start":{"line":44,"column":21},"end":{"line":44,"column":52}},"11":{"start":{"line":45,"column":2},"end":{"line":45,"column":22}},"12":{"start":{"line":48,"column":22},"end":{"line":57,"column":1}},"13":{"start":{"line":49,"column":2},"end":{"line":49,"column":26}},"14":{"start":{"line":50,"column":2},"end":{"line":50,"column":39}},"15":{"start":{"line":51,"column":2},"end":{"line":51,"column":27}},"16":{"start":{"line":52,"column":19},"end":{"line":52,"column":20}},"17":{"start":{"line":53,"column":2},"end":{"line":55,"column":3}},"18":{"start":{"line":54,"column":4},"end":{"line":54,"column":70}},"19":{"start":{"line":56,"column":2},"end":{"line":56,"column":20}},"20":{"start":{"line":59,"column":26},"end":{"line":62,"column":1}},"21":{"start":{"line":60,"column":21},"end":{"line":60,"column":49}},"22":{"start":{"line":61,"column":2},"end":{"line":61,"column":20}},"23":{"start":{"line":64,"column":25},"end":{"line":69,"column":1}},"24":{"start":{"line":65,"column":19},"end":{"line":65,"column":40}},"25":{"start":{"line":66,"column":18},"end":{"line":66,"column":41}},"26":{"start":{"line":67,"column":2},"end":{"line":67,"column":34}},"27":{"start":{"line":68,"column":2},"end":{"line":68,"column":20}},"28":{"start":{"line":71,"column":23},"end":{"line":74,"column":1}},"29":{"start":{"line":72,"column":22},"end":{"line":72,"column":72}},"30":{"start":{"line":73,"column":2},"end":{"line":73,"column":21}},"31":{"start":{"line":75,"column":0},"end":{"line":83,"column":2}}},"fnMap":{"0":{"name":"(anonymous_0)","decl":{"start":{"line":33,"column":24},"end":{"line":33,"column":25}},"loc":{"start":{"line":33,"column":34},"end":{"line":36,"column":1}},"line":33},"1":{"name":"(anonymous_1)","decl":{"start":{"line":38,"column":25},"end":{"line":38,"column":26}},"loc":{"start":{"line":38,"column":35},"end":{"line":41,"column":1}},"line":38},"2":{"name":"(anonymous_2)","decl":{"start":{"line":43,"column":24},"end":{"line":43,"column":25}},"loc":{"start":{"line":43,"column":34},"end":{"line":46,"column":1}},"line":43},"3":{"name":"(anonymous_3)","decl":{"start":{"line":48,"column":22},"end":{"line":48,"column":23}},"loc":{"start":{"line":48,"column":32},"end":{"line":57,"column":1}},"line":48},"4":{"name":"(anonymous_4)","decl":{"start":{"line":59,"column":26},"end":{"line":59,"column":27}},"loc":{"start":{"line":59,"column":36},"end":{"line":62,"column":1}},"line":59},"5":{"name":"(anonymous_5)","decl":{"start":{"line":64,"column":25},"end":{"line":64,"column":26}},"loc":{"start":{"line":64,"column":35},"end":{"line":69,"column":1}},"line":64},"6":{"name":"(anonymous_6)","decl":{"start":{"line":71,"column":23},"end":{"line":71,"column":24}},"loc":{"start":{"line":71,"column":29},"end":{"line":74,"column":1}},"line":71}},"branchMap":{},"s":{"0":1,"1":1,"2":1,"3":1,"4":6,"5":6,"6":1,"7":1,"8":1,"9":1,"10":1,"11":1,"12":1,"13":2,"14":2,"15":2,"16":2,"17":2,"18":3,"19":2,"20":1,"21":6,"22":6,"23":1,"24":4,"25":4,"26":4,"27":4,"28":1,"29":1,"30":1,"31":1},"f":{"0":6,"1":1,"2":1,"3":2,"4":6,"5":4,"6":1},"b":{},"_coverageSchema":"1a1c01bbd47fc00a2c39e90264f33305004495a9","hash":"8fd0e6ca93f3caccdd9a61f4ece9ce222a82ade0"}
}
