{"/Users/treffers/Documents/WINC opleiding/Winc_Academy/Level_30_De_TDD_Groententuin/farm.js": {"path":"/Users/treffers/Documents/WINC opleiding/Winc_Academy/Level_30_De_TDD_Groententuin/farm.js","statementMap":{"0":{"start":{"line":1,"column":13},"end":{"line":13,"column":1}},"1":{"start":{"line":15,"column":16},"end":{"line":27,"column":1}},"2":{"start":{"line":29,"column":27},"end":{"line":31,"column":1}},"3":{"start":{"line":33,"column":24},"end":{"line":37,"column":1}},"4":{"start":{"line":34,"column":22},"end":{"line":34,"column":52}},"5":{"start":{"line":35,"column":2},"end":{"line":35,"column":38}},"6":{"start":{"line":36,"column":2},"end":{"line":36,"column":21}},"7":{"start":{"line":39,"column":25},"end":{"line":39,"column":33}},"8":{"start":{"line":41,"column":24},"end":{"line":41,"column":32}},"9":{"start":{"line":43,"column":22},"end":{"line":43,"column":30}},"10":{"start":{"line":45,"column":26},"end":{"line":49,"column":1}},"11":{"start":{"line":46,"column":21},"end":{"line":46,"column":49}},"12":{"start":{"line":47,"column":2},"end":{"line":47,"column":37}},"13":{"start":{"line":48,"column":2},"end":{"line":48,"column":20}},"14":{"start":{"line":51,"column":25},"end":{"line":57,"column":1}},"15":{"start":{"line":52,"column":19},"end":{"line":52,"column":40}},"16":{"start":{"line":53,"column":18},"end":{"line":53,"column":41}},"17":{"start":{"line":54,"column":2},"end":{"line":54,"column":34}},"18":{"start":{"line":55,"column":2},"end":{"line":55,"column":37}},"19":{"start":{"line":56,"column":2},"end":{"line":56,"column":20}},"20":{"start":{"line":59,"column":23},"end":{"line":59,"column":31}},"21":{"start":{"line":61,"column":0},"end":{"line":69,"column":2}}},"fnMap":{"0":{"name":"(anonymous_0)","decl":{"start":{"line":33,"column":24},"end":{"line":33,"column":25}},"loc":{"start":{"line":33,"column":34},"end":{"line":37,"column":1}},"line":33},"1":{"name":"(anonymous_1)","decl":{"start":{"line":39,"column":25},"end":{"line":39,"column":26}},"loc":{"start":{"line":39,"column":31},"end":{"line":39,"column":33}},"line":39},"2":{"name":"(anonymous_2)","decl":{"start":{"line":41,"column":24},"end":{"line":41,"column":25}},"loc":{"start":{"line":41,"column":30},"end":{"line":41,"column":32}},"line":41},"3":{"name":"(anonymous_3)","decl":{"start":{"line":43,"column":22},"end":{"line":43,"column":23}},"loc":{"start":{"line":43,"column":28},"end":{"line":43,"column":30}},"line":43},"4":{"name":"(anonymous_4)","decl":{"start":{"line":45,"column":26},"end":{"line":45,"column":27}},"loc":{"start":{"line":45,"column":36},"end":{"line":49,"column":1}},"line":45},"5":{"name":"(anonymous_5)","decl":{"start":{"line":51,"column":25},"end":{"line":51,"column":26}},"loc":{"start":{"line":51,"column":35},"end":{"line":57,"column":1}},"line":51},"6":{"name":"(anonymous_6)","decl":{"start":{"line":59,"column":23},"end":{"line":59,"column":24}},"loc":{"start":{"line":59,"column":29},"end":{"line":59,"column":31}},"line":59}},"branchMap":{},"s":{"0":1,"1":1,"2":1,"3":1,"4":4,"5":4,"6":4,"7":1,"8":1,"9":1,"10":1,"11":4,"12":4,"13":4,"14":1,"15":2,"16":2,"17":2,"18":2,"19":2,"20":1,"21":1},"f":{"0":4,"1":1,"2":1,"3":2,"4":4,"5":2,"6":0},"b":{},"_coverageSchema":"1a1c01bbd47fc00a2c39e90264f33305004495a9","hash":"367915c3a338aaa69ae34e9f8e6b96467f533b73"}
}
