TN:
SF:farm.js
FN:31,(anonymous_0)
FN:36,(anonymous_1)
FN:48,(anonymous_2)
FN:53,(anonymous_3)
FN:62,(anonymous_4)
FN:67,(anonymous_5)
FN:74,(anonymous_6)
FNF:7
FNH:7
FNDA:6,(anonymous_0)
FNDA:3,(anonymous_1)
FNDA:1,(anonymous_2)
FNDA:2,(anonymous_3)
FNDA:6,(anonymous_4)
FNDA:4,(anonymous_5)
FNDA:1,(anonymous_6)
DA:1,1
DA:13,1
DA:25,1
DA:31,1
DA:32,6
DA:33,6
DA:36,1
DA:37,3
DA:38,3
DA:43,2
DA:44,2
DA:45,0
DA:48,1
DA:49,1
DA:50,1
DA:53,1
DA:54,2
DA:55,2
DA:56,2
DA:57,3
DA:59,2
DA:62,1
DA:63,6
DA:64,6
DA:67,1
DA:68,4
DA:69,4
DA:70,4
DA:71,4
DA:74,1
DA:75,1
DA:76,1
DA:78,1
LF:33
LH:32
BRDA:37,0,0,3
BRDA:37,0,1,0
BRF:2
BRH:1
end_of_record
