TN:
SF:farm.js
FN:31,(anonymous_0)
FN:36,(anonymous_1)
FN:67,(anonymous_2)
FN:72,(anonymous_3)
FN:81,(anonymous_4)
FN:86,(anonymous_5)
FN:93,(anonymous_6)
FNF:7
FNH:7
FNDA:6,(anonymous_0)
FNDA:3,(anonymous_1)
FNDA:1,(anonymous_2)
FNDA:2,(anonymous_3)
FNDA:6,(anonymous_4)
FNDA:4,(anonymous_5)
FNDA:1,(anonymous_6)
DA:1,1
DA:13,1
DA:25,1
DA:31,1
DA:32,6
DA:33,6
DA:36,1
DA:37,3
DA:38,2
DA:44,2
DA:45,2
DA:46,2
DA:47,2
DA:49,2
DA:56,2
DA:61,2
DA:63,2
DA:64,1
DA:67,1
DA:68,1
DA:69,1
DA:72,1
DA:73,2
DA:74,2
DA:75,2
DA:76,3
DA:78,2
DA:81,1
DA:82,6
DA:83,6
DA:86,1
DA:87,4
DA:88,4
DA:89,4
DA:90,4
DA:93,1
DA:94,1
DA:95,1
DA:97,1
LF:39
LH:39
BRDA:37,0,0,2
BRDA:37,0,1,1
BRF:2
BRH:2
end_of_record
